The system is: Darwin - 15.4.0 - x86_64
Compiling the C compiler identification source file "CMakeCCompilerId.c" succeeded.
Compiler: /Applications/Xcode.app/Contents/Developer/Toolchains/XcodeDefault.xctoolchain/usr/bin/cc 
Build flags: 
Id flags:  

The output was:
0


Compilation of the C compiler identification source "CMakeCCompilerId.c" produced "a.out"

The C compiler identification is AppleClang, found in "/Volumes/SAMSUNGUSB/KFAssignment/MPC_MVirgo/MPC-Project/CMakeFiles/3.8.1/CompilerIdC/a.out"

Compiling the CXX compiler identification source file "CMakeCXXCompilerId.cpp" succeeded.
Compiler: /Applications/Xcode.app/Contents/Developer/Toolchains/XcodeDefault.xctoolchain/usr/bin/c++ 
Build flags: 
Id flags:  

The output was:
0


Compilation of the CXX compiler identification source "CMakeCXXCompilerId.cpp" produced "a.out"

The CXX compiler identification is AppleClang, found in "/Volumes/SAMSUNGUSB/KFAssignment/MPC_MVirgo/MPC-Project/CMakeFiles/3.8.1/CompilerIdCXX/a.out"

Determining if the C compiler works passed with the following output:
Change Dir: /Volumes/SAMSUNGUSB/KFAssignment/MPC_MVirgo/MPC-Project/CMakeFiles/CMakeTmp

Run Build Command:"/usr/local/bin/make" "cmTC_92078/fast"
/usr/local/bin/make -f CMakeFiles/cmTC_92078.dir/build.make CMakeFiles/cmTC_92078.dir/build
make[1]: Entering directory '/Volumes/SAMSUNGUSB/KFAssignment/MPC_MVirgo/MPC-Project/CMakeFiles/CMakeTmp'
Building C object CMakeFiles/cmTC_92078.dir/testCCompiler.c.o
/Applications/Xcode.app/Contents/Developer/Toolchains/XcodeDefault.xctoolchain/usr/bin/cc    -o CMakeFiles/cmTC_92078.dir/testCCompiler.c.o   -c /Volumes/SAMSUNGUSB/KFAssignment/MPC_MVirgo/MPC-Project/CMakeFiles/CMakeTmp/testCCompiler.c
Linking C executable cmTC_92078
/usr/local/Cellar/cmake/3.8.1/bin/cmake -E cmake_link_script CMakeFiles/cmTC_92078.dir/link.txt --verbose=1
/Applications/Xcode.app/Contents/Developer/Toolchains/XcodeDefault.xctoolchain/usr/bin/cc   -Wl,-search_paths_first -Wl,-headerpad_max_install_names   CMakeFiles/cmTC_92078.dir/testCCompiler.c.o  -o cmTC_92078 
make[1]: Leaving directory '/Volumes/SAMSUNGUSB/KFAssignment/MPC_MVirgo/MPC-Project/CMakeFiles/CMakeTmp'


Detecting C compiler ABI info compiled with the following output:
Change Dir: /Volumes/SAMSUNGUSB/KFAssignment/MPC_MVirgo/MPC-Project/CMakeFiles/CMakeTmp

Run Build Command:"/usr/local/bin/make" "cmTC_38165/fast"
/usr/local/bin/make -f CMakeFiles/cmTC_38165.dir/build.make CMakeFiles/cmTC_38165.dir/build
make[1]: Entering directory '/Volumes/SAMSUNGUSB/KFAssignment/MPC_MVirgo/MPC-Project/CMakeFiles/CMakeTmp'
Building C object CMakeFiles/cmTC_38165.dir/CMakeCCompilerABI.c.o
/Applications/Xcode.app/Contents/Developer/Toolchains/XcodeDefault.xctoolchain/usr/bin/cc    -o CMakeFiles/cmTC_38165.dir/CMakeCCompilerABI.c.o   -c /usr/local/Cellar/cmake/3.8.1/share/cmake/Modules/CMakeCCompilerABI.c
Linking C executable cmTC_38165
/usr/local/Cellar/cmake/3.8.1/bin/cmake -E cmake_link_script CMakeFiles/cmTC_38165.dir/link.txt --verbose=1
/Applications/Xcode.app/Contents/Developer/Toolchains/XcodeDefault.xctoolchain/usr/bin/cc   -Wl,-search_paths_first -Wl,-headerpad_max_install_names  -v -Wl,-v CMakeFiles/cmTC_38165.dir/CMakeCCompilerABI.c.o  -o cmTC_38165 
Apple LLVM version 7.3.0 (clang-703.0.29)
Target: x86_64-apple-darwin15.4.0
Thread model: posix
InstalledDir: /Applications/Xcode.app/Contents/Developer/Toolchains/XcodeDefault.xctoolchain/usr/bin
 "/Applications/Xcode.app/Contents/Developer/Toolchains/XcodeDefault.xctoolchain/usr/bin/ld" -demangle -dynamic -arch x86_64 -macosx_version_min 10.11.0 -o cmTC_38165 -search_paths_first -headerpad_max_install_names -v CMakeFiles/cmTC_38165.dir/CMakeCCompilerABI.c.o -lSystem /Applications/Xcode.app/Contents/Developer/Toolchains/XcodeDefault.xctoolchain/usr/bin/../lib/clang/7.3.0/lib/darwin/libclang_rt.osx.a
@(#)PROGRAM:ld  PROJECT:ld64-264.3.101
configured to support archs: armv6 armv7 armv7s arm64 i386 x86_64 x86_64h armv6m armv7k armv7m armv7em (tvOS)
Library search paths:
	/usr/lib
	/usr/local/lib
Framework search paths:
	/Library/Frameworks/
	/System/Library/Frameworks/
make[1]: Leaving directory '/Volumes/SAMSUNGUSB/KFAssignment/MPC_MVirgo/MPC-Project/CMakeFiles/CMakeTmp'


Parsed C implicit link information from above output:
  link line regex: [^( *|.*[/\])(ld|([^/\]+-)?ld|collect2)[^/\]*( |$)]
  ignore line: [Change Dir: /Volumes/SAMSUNGUSB/KFAssignment/MPC_MVirgo/MPC-Project/CMakeFiles/CMakeTmp]
  ignore line: []
  ignore line: [Run Build Command:"/usr/local/bin/make" "cmTC_38165/fast"]
  ignore line: [/usr/local/bin/make -f CMakeFiles/cmTC_38165.dir/build.make CMakeFiles/cmTC_38165.dir/build]
  ignore line: [make[1]: Entering directory '/Volumes/SAMSUNGUSB/KFAssignment/MPC_MVirgo/MPC-Project/CMakeFiles/CMakeTmp']
  ignore line: [Building C object CMakeFiles/cmTC_38165.dir/CMakeCCompilerABI.c.o]
  ignore line: [/Applications/Xcode.app/Contents/Developer/Toolchains/XcodeDefault.xctoolchain/usr/bin/cc    -o CMakeFiles/cmTC_38165.dir/CMakeCCompilerABI.c.o   -c /usr/local/Cellar/cmake/3.8.1/share/cmake/Modules/CMakeCCompilerABI.c]
  ignore line: [Linking C executable cmTC_38165]
  ignore line: [/usr/local/Cellar/cmake/3.8.1/bin/cmake -E cmake_link_script CMakeFiles/cmTC_38165.dir/link.txt --verbose=1]
  ignore line: [/Applications/Xcode.app/Contents/Developer/Toolchains/XcodeDefault.xctoolchain/usr/bin/cc   -Wl,-search_paths_first -Wl,-headerpad_max_install_names  -v -Wl,-v CMakeFiles/cmTC_38165.dir/CMakeCCompilerABI.c.o  -o cmTC_38165 ]
  ignore line: [Apple LLVM version 7.3.0 (clang-703.0.29)]
  ignore line: [Target: x86_64-apple-darwin15.4.0]
  ignore line: [Thread model: posix]
  ignore line: [InstalledDir: /Applications/Xcode.app/Contents/Developer/Toolchains/XcodeDefault.xctoolchain/usr/bin]
  link line: [ "/Applications/Xcode.app/Contents/Developer/Toolchains/XcodeDefault.xctoolchain/usr/bin/ld" -demangle -dynamic -arch x86_64 -macosx_version_min 10.11.0 -o cmTC_38165 -search_paths_first -headerpad_max_install_names -v CMakeFiles/cmTC_38165.dir/CMakeCCompilerABI.c.o -lSystem /Applications/Xcode.app/Contents/Developer/Toolchains/XcodeDefault.xctoolchain/usr/bin/../lib/clang/7.3.0/lib/darwin/libclang_rt.osx.a]
    arg [/Applications/Xcode.app/Contents/Developer/Toolchains/XcodeDefault.xctoolchain/usr/bin/ld] ==> ignore
    arg [-demangle] ==> ignore
    arg [-dynamic] ==> ignore
    arg [-arch] ==> ignore
    arg [x86_64] ==> ignore
    arg [-macosx_version_min] ==> ignore
    arg [10.11.0] ==> ignore
    arg [-o] ==> ignore
    arg [cmTC_38165] ==> ignore
    arg [-search_paths_first] ==> ignore
    arg [-headerpad_max_install_names] ==> ignore
    arg [-v] ==> ignore
    arg [CMakeFiles/cmTC_38165.dir/CMakeCCompilerABI.c.o] ==> ignore
    arg [-lSystem] ==> lib [System]
    arg [/Applications/Xcode.app/Contents/Developer/Toolchains/XcodeDefault.xctoolchain/usr/bin/../lib/clang/7.3.0/lib/darwin/libclang_rt.osx.a] ==> lib [/Applications/Xcode.app/Contents/Developer/Toolchains/XcodeDefault.xctoolchain/usr/bin/../lib/clang/7.3.0/lib/darwin/libclang_rt.osx.a]
  Library search paths: [;/usr/lib;/usr/local/lib]
  Framework search paths: [;/Library/Frameworks/;/System/Library/Frameworks/]
  remove lib [System]
  remove lib [/Applications/Xcode.app/Contents/Developer/Toolchains/XcodeDefault.xctoolchain/usr/bin/../lib/clang/7.3.0/lib/darwin/libclang_rt.osx.a]
  collapse library dir [/usr/lib] ==> [/usr/lib]
  collapse library dir [/usr/local/lib] ==> [/usr/local/lib]
  collapse framework dir [/Library/Frameworks/] ==> [/Library/Frameworks]
  collapse framework dir [/System/Library/Frameworks/] ==> [/System/Library/Frameworks]
  implicit libs: []
  implicit dirs: [/usr/lib;/usr/local/lib]
  implicit fwks: [/Library/Frameworks;/System/Library/Frameworks]




Detecting C [-std=c11] compiler features compiled with the following output:
Change Dir: /Volumes/SAMSUNGUSB/KFAssignment/MPC_MVirgo/MPC-Project/CMakeFiles/CMakeTmp

Run Build Command:"/usr/local/bin/make" "cmTC_72d9c/fast"
/usr/local/bin/make -f CMakeFiles/cmTC_72d9c.dir/build.make CMakeFiles/cmTC_72d9c.dir/build
make[1]: Entering directory '/Volumes/SAMSUNGUSB/KFAssignment/MPC_MVirgo/MPC-Project/CMakeFiles/CMakeTmp'
Building C object CMakeFiles/cmTC_72d9c.dir/feature_tests.c.o
/Applications/Xcode.app/Contents/Developer/Toolchains/XcodeDefault.xctoolchain/usr/bin/cc   -std=c11 -o CMakeFiles/cmTC_72d9c.dir/feature_tests.c.o   -c /Volumes/SAMSUNGUSB/KFAssignment/MPC_MVirgo/MPC-Project/CMakeFiles/feature_tests.c
Linking C executable cmTC_72d9c
/usr/local/Cellar/cmake/3.8.1/bin/cmake -E cmake_link_script CMakeFiles/cmTC_72d9c.dir/link.txt --verbose=1
/Applications/Xcode.app/Contents/Developer/Toolchains/XcodeDefault.xctoolchain/usr/bin/cc   -Wl,-search_paths_first -Wl,-headerpad_max_install_names   CMakeFiles/cmTC_72d9c.dir/feature_tests.c.o  -o cmTC_72d9c 
make[1]: Leaving directory '/Volumes/SAMSUNGUSB/KFAssignment/MPC_MVirgo/MPC-Project/CMakeFiles/CMakeTmp'


    Feature record: C_FEATURE:1c_function_prototypes
    Feature record: C_FEATURE:1c_restrict
    Feature record: C_FEATURE:1c_static_assert
    Feature record: C_FEATURE:1c_variadic_macros


Detecting C [-std=c99] compiler features compiled with the following output:
Change Dir: /Volumes/SAMSUNGUSB/KFAssignment/MPC_MVirgo/MPC-Project/CMakeFiles/CMakeTmp

Run Build Command:"/usr/local/bin/make" "cmTC_586f0/fast"
/usr/local/bin/make -f CMakeFiles/cmTC_586f0.dir/build.make CMakeFiles/cmTC_586f0.dir/build
make[1]: Entering directory '/Volumes/SAMSUNGUSB/KFAssignment/MPC_MVirgo/MPC-Project/CMakeFiles/CMakeTmp'
Building C object CMakeFiles/cmTC_586f0.dir/feature_tests.c.o
/Applications/Xcode.app/Contents/Developer/Toolchains/XcodeDefault.xctoolchain/usr/bin/cc   -std=c99 -o CMakeFiles/cmTC_586f0.dir/feature_tests.c.o   -c /Volumes/SAMSUNGUSB/KFAssignment/MPC_MVirgo/MPC-Project/CMakeFiles/feature_tests.c
Linking C executable cmTC_586f0
/usr/local/Cellar/cmake/3.8.1/bin/cmake -E cmake_link_script CMakeFiles/cmTC_586f0.dir/link.txt --verbose=1
/Applications/Xcode.app/Contents/Developer/Toolchains/XcodeDefault.xctoolchain/usr/bin/cc   -Wl,-search_paths_first -Wl,-headerpad_max_install_names   CMakeFiles/cmTC_586f0.dir/feature_tests.c.o  -o cmTC_586f0 
make[1]: Leaving directory '/Volumes/SAMSUNGUSB/KFAssignment/MPC_MVirgo/MPC-Project/CMakeFiles/CMakeTmp'


    Feature record: C_FEATURE:1c_function_prototypes
    Feature record: C_FEATURE:1c_restrict
    Feature record: C_FEATURE:0c_static_assert
    Feature record: C_FEATURE:1c_variadic_macros


Detecting C [-std=c90] compiler features compiled with the following output:
Change Dir: /Volumes/SAMSUNGUSB/KFAssignment/MPC_MVirgo/MPC-Project/CMakeFiles/CMakeTmp

Run Build Command:"/usr/local/bin/make" "cmTC_10e9f/fast"
/usr/local/bin/make -f CMakeFiles/cmTC_10e9f.dir/build.make CMakeFiles/cmTC_10e9f.dir/build
make[1]: Entering directory '/Volumes/SAMSUNGUSB/KFAssignment/MPC_MVirgo/MPC-Project/CMakeFiles/CMakeTmp'
Building C object CMakeFiles/cmTC_10e9f.dir/feature_tests.c.o
/Applications/Xcode.app/Contents/Developer/Toolchains/XcodeDefault.xctoolchain/usr/bin/cc   -std=c90 -o CMakeFiles/cmTC_10e9f.dir/feature_tests.c.o   -c /Volumes/SAMSUNGUSB/KFAssignment/MPC_MVirgo/MPC-Project/CMakeFiles/feature_tests.c
Linking C executable cmTC_10e9f
/usr/local/Cellar/cmake/3.8.1/bin/cmake -E cmake_link_script CMakeFiles/cmTC_10e9f.dir/link.txt --verbose=1
/Applications/Xcode.app/Contents/Developer/Toolchains/XcodeDefault.xctoolchain/usr/bin/cc   -Wl,-search_paths_first -Wl,-headerpad_max_install_names   CMakeFiles/cmTC_10e9f.dir/feature_tests.c.o  -o cmTC_10e9f 
make[1]: Leaving directory '/Volumes/SAMSUNGUSB/KFAssignment/MPC_MVirgo/MPC-Project/CMakeFiles/CMakeTmp'


    Feature record: C_FEATURE:1c_function_prototypes
    Feature record: C_FEATURE:0c_restrict
    Feature record: C_FEATURE:0c_static_assert
    Feature record: C_FEATURE:0c_variadic_macros
Determining if the CXX compiler works passed with the following output:
Change Dir: /Volumes/SAMSUNGUSB/KFAssignment/MPC_MVirgo/MPC-Project/CMakeFiles/CMakeTmp

Run Build Command:"/usr/local/bin/make" "cmTC_14f53/fast"
/usr/local/bin/make -f CMakeFiles/cmTC_14f53.dir/build.make CMakeFiles/cmTC_14f53.dir/build
make[1]: Entering directory '/Volumes/SAMSUNGUSB/KFAssignment/MPC_MVirgo/MPC-Project/CMakeFiles/CMakeTmp'
Building CXX object CMakeFiles/cmTC_14f53.dir/testCXXCompiler.cxx.o
/Applications/Xcode.app/Contents/Developer/Toolchains/XcodeDefault.xctoolchain/usr/bin/c++     -o CMakeFiles/cmTC_14f53.dir/testCXXCompiler.cxx.o -c /Volumes/SAMSUNGUSB/KFAssignment/MPC_MVirgo/MPC-Project/CMakeFiles/CMakeTmp/testCXXCompiler.cxx
Linking CXX executable cmTC_14f53
/usr/local/Cellar/cmake/3.8.1/bin/cmake -E cmake_link_script CMakeFiles/cmTC_14f53.dir/link.txt --verbose=1
/Applications/Xcode.app/Contents/Developer/Toolchains/XcodeDefault.xctoolchain/usr/bin/c++    -Wl,-search_paths_first -Wl,-headerpad_max_install_names   CMakeFiles/cmTC_14f53.dir/testCXXCompiler.cxx.o  -o cmTC_14f53 
make[1]: Leaving directory '/Volumes/SAMSUNGUSB/KFAssignment/MPC_MVirgo/MPC-Project/CMakeFiles/CMakeTmp'


Detecting CXX compiler ABI info compiled with the following output:
Change Dir: /Volumes/SAMSUNGUSB/KFAssignment/MPC_MVirgo/MPC-Project/CMakeFiles/CMakeTmp

Run Build Command:"/usr/local/bin/make" "cmTC_8dad8/fast"
/usr/local/bin/make -f CMakeFiles/cmTC_8dad8.dir/build.make CMakeFiles/cmTC_8dad8.dir/build
make[1]: Entering directory '/Volumes/SAMSUNGUSB/KFAssignment/MPC_MVirgo/MPC-Project/CMakeFiles/CMakeTmp'
Building CXX object CMakeFiles/cmTC_8dad8.dir/CMakeCXXCompilerABI.cpp.o
/Applications/Xcode.app/Contents/Developer/Toolchains/XcodeDefault.xctoolchain/usr/bin/c++     -o CMakeFiles/cmTC_8dad8.dir/CMakeCXXCompilerABI.cpp.o -c /usr/local/Cellar/cmake/3.8.1/share/cmake/Modules/CMakeCXXCompilerABI.cpp
Linking CXX executable cmTC_8dad8
/usr/local/Cellar/cmake/3.8.1/bin/cmake -E cmake_link_script CMakeFiles/cmTC_8dad8.dir/link.txt --verbose=1
/Applications/Xcode.app/Contents/Developer/Toolchains/XcodeDefault.xctoolchain/usr/bin/c++    -Wl,-search_paths_first -Wl,-headerpad_max_install_names  -v -Wl,-v CMakeFiles/cmTC_8dad8.dir/CMakeCXXCompilerABI.cpp.o  -o cmTC_8dad8 
Apple LLVM version 7.3.0 (clang-703.0.29)
Target: x86_64-apple-darwin15.4.0
Thread model: posix
InstalledDir: /Applications/Xcode.app/Contents/Developer/Toolchains/XcodeDefault.xctoolchain/usr/bin
 "/Applications/Xcode.app/Contents/Developer/Toolchains/XcodeDefault.xctoolchain/usr/bin/ld" -demangle -dynamic -arch x86_64 -macosx_version_min 10.11.0 -o cmTC_8dad8 -search_paths_first -headerpad_max_install_names -v CMakeFiles/cmTC_8dad8.dir/CMakeCXXCompilerABI.cpp.o -lc++ -lSystem /Applications/Xcode.app/Contents/Developer/Toolchains/XcodeDefault.xctoolchain/usr/bin/../lib/clang/7.3.0/lib/darwin/libclang_rt.osx.a
@(#)PROGRAM:ld  PROJECT:ld64-264.3.101
configured to support archs: armv6 armv7 armv7s arm64 i386 x86_64 x86_64h armv6m armv7k armv7m armv7em (tvOS)
Library search paths:
	/usr/lib
	/usr/local/lib
Framework search paths:
	/Library/Frameworks/
	/System/Library/Frameworks/
make[1]: Leaving directory '/Volumes/SAMSUNGUSB/KFAssignment/MPC_MVirgo/MPC-Project/CMakeFiles/CMakeTmp'


Parsed CXX implicit link information from above output:
  link line regex: [^( *|.*[/\])(ld|([^/\]+-)?ld|collect2)[^/\]*( |$)]
  ignore line: [Change Dir: /Volumes/SAMSUNGUSB/KFAssignment/MPC_MVirgo/MPC-Project/CMakeFiles/CMakeTmp]
  ignore line: []
  ignore line: [Run Build Command:"/usr/local/bin/make" "cmTC_8dad8/fast"]
  ignore line: [/usr/local/bin/make -f CMakeFiles/cmTC_8dad8.dir/build.make CMakeFiles/cmTC_8dad8.dir/build]
  ignore line: [make[1]: Entering directory '/Volumes/SAMSUNGUSB/KFAssignment/MPC_MVirgo/MPC-Project/CMakeFiles/CMakeTmp']
  ignore line: [Building CXX object CMakeFiles/cmTC_8dad8.dir/CMakeCXXCompilerABI.cpp.o]
  ignore line: [/Applications/Xcode.app/Contents/Developer/Toolchains/XcodeDefault.xctoolchain/usr/bin/c++     -o CMakeFiles/cmTC_8dad8.dir/CMakeCXXCompilerABI.cpp.o -c /usr/local/Cellar/cmake/3.8.1/share/cmake/Modules/CMakeCXXCompilerABI.cpp]
  ignore line: [Linking CXX executable cmTC_8dad8]
  ignore line: [/usr/local/Cellar/cmake/3.8.1/bin/cmake -E cmake_link_script CMakeFiles/cmTC_8dad8.dir/link.txt --verbose=1]
  ignore line: [/Applications/Xcode.app/Contents/Developer/Toolchains/XcodeDefault.xctoolchain/usr/bin/c++    -Wl,-search_paths_first -Wl,-headerpad_max_install_names  -v -Wl,-v CMakeFiles/cmTC_8dad8.dir/CMakeCXXCompilerABI.cpp.o  -o cmTC_8dad8 ]
  ignore line: [Apple LLVM version 7.3.0 (clang-703.0.29)]
  ignore line: [Target: x86_64-apple-darwin15.4.0]
  ignore line: [Thread model: posix]
  ignore line: [InstalledDir: /Applications/Xcode.app/Contents/Developer/Toolchains/XcodeDefault.xctoolchain/usr/bin]
  link line: [ "/Applications/Xcode.app/Contents/Developer/Toolchains/XcodeDefault.xctoolchain/usr/bin/ld" -demangle -dynamic -arch x86_64 -macosx_version_min 10.11.0 -o cmTC_8dad8 -search_paths_first -headerpad_max_install_names -v CMakeFiles/cmTC_8dad8.dir/CMakeCXXCompilerABI.cpp.o -lc++ -lSystem /Applications/Xcode.app/Contents/Developer/Toolchains/XcodeDefault.xctoolchain/usr/bin/../lib/clang/7.3.0/lib/darwin/libclang_rt.osx.a]
    arg [/Applications/Xcode.app/Contents/Developer/Toolchains/XcodeDefault.xctoolchain/usr/bin/ld] ==> ignore
    arg [-demangle] ==> ignore
    arg [-dynamic] ==> ignore
    arg [-arch] ==> ignore
    arg [x86_64] ==> ignore
    arg [-macosx_version_min] ==> ignore
    arg [10.11.0] ==> ignore
    arg [-o] ==> ignore
    arg [cmTC_8dad8] ==> ignore
    arg [-search_paths_first] ==> ignore
    arg [-headerpad_max_install_names] ==> ignore
    arg [-v] ==> ignore
    arg [CMakeFiles/cmTC_8dad8.dir/CMakeCXXCompilerABI.cpp.o] ==> ignore
    arg [-lc++] ==> lib [c++]
    arg [-lSystem] ==> lib [System]
    arg [/Applications/Xcode.app/Contents/Developer/Toolchains/XcodeDefault.xctoolchain/usr/bin/../lib/clang/7.3.0/lib/darwin/libclang_rt.osx.a] ==> lib [/Applications/Xcode.app/Contents/Developer/Toolchains/XcodeDefault.xctoolchain/usr/bin/../lib/clang/7.3.0/lib/darwin/libclang_rt.osx.a]
  Library search paths: [;/usr/lib;/usr/local/lib]
  Framework search paths: [;/Library/Frameworks/;/System/Library/Frameworks/]
  remove lib [System]
  remove lib [/Applications/Xcode.app/Contents/Developer/Toolchains/XcodeDefault.xctoolchain/usr/bin/../lib/clang/7.3.0/lib/darwin/libclang_rt.osx.a]
  collapse library dir [/usr/lib] ==> [/usr/lib]
  collapse library dir [/usr/local/lib] ==> [/usr/local/lib]
  collapse framework dir [/Library/Frameworks/] ==> [/Library/Frameworks]
  collapse framework dir [/System/Library/Frameworks/] ==> [/System/Library/Frameworks]
  implicit libs: [c++]
  implicit dirs: [/usr/lib;/usr/local/lib]
  implicit fwks: [/Library/Frameworks;/System/Library/Frameworks]




Detecting CXX [-std=c++1z] compiler features compiled with the following output:
Change Dir: /Volumes/SAMSUNGUSB/KFAssignment/MPC_MVirgo/MPC-Project/CMakeFiles/CMakeTmp

Run Build Command:"/usr/local/bin/make" "cmTC_57c40/fast"
/usr/local/bin/make -f CMakeFiles/cmTC_57c40.dir/build.make CMakeFiles/cmTC_57c40.dir/build
make[1]: Entering directory '/Volumes/SAMSUNGUSB/KFAssignment/MPC_MVirgo/MPC-Project/CMakeFiles/CMakeTmp'
Building CXX object CMakeFiles/cmTC_57c40.dir/feature_tests.cxx.o
/Applications/Xcode.app/Contents/Developer/Toolchains/XcodeDefault.xctoolchain/usr/bin/c++    -std=c++1z -o CMakeFiles/cmTC_57c40.dir/feature_tests.cxx.o -c /Volumes/SAMSUNGUSB/KFAssignment/MPC_MVirgo/MPC-Project/CMakeFiles/feature_tests.cxx
Linking CXX executable cmTC_57c40
/usr/local/Cellar/cmake/3.8.1/bin/cmake -E cmake_link_script CMakeFiles/cmTC_57c40.dir/link.txt --verbose=1
/Applications/Xcode.app/Contents/Developer/Toolchains/XcodeDefault.xctoolchain/usr/bin/c++    -Wl,-search_paths_first -Wl,-headerpad_max_install_names   CMakeFiles/cmTC_57c40.dir/feature_tests.cxx.o  -o cmTC_57c40 
make[1]: Leaving directory '/Volumes/SAMSUNGUSB/KFAssignment/MPC_MVirgo/MPC-Project/CMakeFiles/CMakeTmp'


    Feature record: CXX_FEATURE:1cxx_aggregate_default_initializers
    Feature record: CXX_FEATURE:1cxx_alias_templates
    Feature record: CXX_FEATURE:1cxx_alignas
    Feature record: CXX_FEATURE:1cxx_alignof
    Feature record: CXX_FEATURE:1cxx_attributes
    Feature record: CXX_FEATURE:1cxx_attribute_deprecated
    Feature record: CXX_FEATURE:1cxx_auto_type
    Feature record: CXX_FEATURE:1cxx_binary_literals
    Feature record: CXX_FEATURE:1cxx_constexpr
    Feature record: CXX_FEATURE:1cxx_contextual_conversions
    Feature record: CXX_FEATURE:1cxx_decltype
    Feature record: CXX_FEATURE:1cxx_decltype_auto
    Feature record: CXX_FEATURE:1cxx_decltype_incomplete_return_types
    Feature record: CXX_FEATURE:1cxx_default_function_template_args
    Feature record: CXX_FEATURE:1cxx_defaulted_functions
    Feature record: CXX_FEATURE:1cxx_defaulted_move_initializers
    Feature record: CXX_FEATURE:1cxx_delegating_constructors
    Feature record: CXX_FEATURE:1cxx_deleted_functions
    Feature record: CXX_FEATURE:1cxx_digit_separators
    Feature record: CXX_FEATURE:1cxx_enum_forward_declarations
    Feature record: CXX_FEATURE:1cxx_explicit_conversions
    Feature record: CXX_FEATURE:1cxx_extended_friend_declarations
    Feature record: CXX_FEATURE:1cxx_extern_templates
    Feature record: CXX_FEATURE:1cxx_final
    Feature record: CXX_FEATURE:1cxx_func_identifier
    Feature record: CXX_FEATURE:1cxx_generalized_initializers
    Feature record: CXX_FEATURE:1cxx_generic_lambdas
    Feature record: CXX_FEATURE:1cxx_inheriting_constructors
    Feature record: CXX_FEATURE:1cxx_inline_namespaces
    Feature record: CXX_FEATURE:1cxx_lambdas
    Feature record: CXX_FEATURE:1cxx_lambda_init_captures
    Feature record: CXX_FEATURE:1cxx_local_type_template_args
    Feature record: CXX_FEATURE:1cxx_long_long_type
    Feature record: CXX_FEATURE:1cxx_noexcept
    Feature record: CXX_FEATURE:1cxx_nonstatic_member_init
    Feature record: CXX_FEATURE:1cxx_nullptr
    Feature record: CXX_FEATURE:1cxx_override
    Feature record: CXX_FEATURE:1cxx_range_for
    Feature record: CXX_FEATURE:1cxx_raw_string_literals
    Feature record: CXX_FEATURE:1cxx_reference_qualified_functions
    Feature record: CXX_FEATURE:1cxx_relaxed_constexpr
    Feature record: CXX_FEATURE:1cxx_return_type_deduction
    Feature record: CXX_FEATURE:1cxx_right_angle_brackets
    Feature record: CXX_FEATURE:1cxx_rvalue_references
    Feature record: CXX_FEATURE:1cxx_sizeof_member
    Feature record: CXX_FEATURE:1cxx_static_assert
    Feature record: CXX_FEATURE:1cxx_strong_enums
    Feature record: CXX_FEATURE:1cxx_template_template_parameters
    Feature record: CXX_FEATURE:0cxx_thread_local
    Feature record: CXX_FEATURE:1cxx_trailing_return_types
    Feature record: CXX_FEATURE:1cxx_unicode_literals
    Feature record: CXX_FEATURE:1cxx_uniform_initialization
    Feature record: CXX_FEATURE:1cxx_unrestricted_unions
    Feature record: CXX_FEATURE:1cxx_user_literals
    Feature record: CXX_FEATURE:1cxx_variable_templates
    Feature record: CXX_FEATURE:1cxx_variadic_macros
    Feature record: CXX_FEATURE:1cxx_variadic_templates


Detecting CXX [-std=c++14] compiler features compiled with the following output:
Change Dir: /Volumes/SAMSUNGUSB/KFAssignment/MPC_MVirgo/MPC-Project/CMakeFiles/CMakeTmp

Run Build Command:"/usr/local/bin/make" "cmTC_e38dc/fast"
/usr/local/bin/make -f CMakeFiles/cmTC_e38dc.dir/build.make CMakeFiles/cmTC_e38dc.dir/build
make[1]: Entering directory '/Volumes/SAMSUNGUSB/KFAssignment/MPC_MVirgo/MPC-Project/CMakeFiles/CMakeTmp'
Building CXX object CMakeFiles/cmTC_e38dc.dir/feature_tests.cxx.o
/Applications/Xcode.app/Contents/Developer/Toolchains/XcodeDefault.xctoolchain/usr/bin/c++    -std=c++14 -o CMakeFiles/cmTC_e38dc.dir/feature_tests.cxx.o -c /Volumes/SAMSUNGUSB/KFAssignment/MPC_MVirgo/MPC-Project/CMakeFiles/feature_tests.cxx
Linking CXX executable cmTC_e38dc
/usr/local/Cellar/cmake/3.8.1/bin/cmake -E cmake_link_script CMakeFiles/cmTC_e38dc.dir/link.txt --verbose=1
/Applications/Xcode.app/Contents/Developer/Toolchains/XcodeDefault.xctoolchain/usr/bin/c++    -Wl,-search_paths_first -Wl,-headerpad_max_install_names   CMakeFiles/cmTC_e38dc.dir/feature_tests.cxx.o  -o cmTC_e38dc 
make[1]: Leaving directory '/Volumes/SAMSUNGUSB/KFAssignment/MPC_MVirgo/MPC-Project/CMakeFiles/CMakeTmp'


    Feature record: CXX_FEATURE:1cxx_aggregate_default_initializers
    Feature record: CXX_FEATURE:1cxx_alias_templates
    Feature record: CXX_FEATURE:1cxx_alignas
    Feature record: CXX_FEATURE:1cxx_alignof
    Feature record: CXX_FEATURE:1cxx_attributes
    Feature record: CXX_FEATURE:1cxx_attribute_deprecated
    Feature record: CXX_FEATURE:1cxx_auto_type
    Feature record: CXX_FEATURE:1cxx_binary_literals
    Feature record: CXX_FEATURE:1cxx_constexpr
    Feature record: CXX_FEATURE:1cxx_contextual_conversions
    Feature record: CXX_FEATURE:1cxx_decltype
    Feature record: CXX_FEATURE:1cxx_decltype_auto
    Feature record: CXX_FEATURE:1cxx_decltype_incomplete_return_types
    Feature record: CXX_FEATURE:1cxx_default_function_template_args
    Feature record: CXX_FEATURE:1cxx_defaulted_functions
    Feature record: CXX_FEATURE:1cxx_defaulted_move_initializers
    Feature record: CXX_FEATURE:1cxx_delegating_constructors
    Feature record: CXX_FEATURE:1cxx_deleted_functions
    Feature record: CXX_FEATURE:1cxx_digit_separators
    Feature record: CXX_FEATURE:1cxx_enum_forward_declarations
    Feature record: CXX_FEATURE:1cxx_explicit_conversions
    Feature record: CXX_FEATURE:1cxx_extended_friend_declarations
    Feature record: CXX_FEATURE:1cxx_extern_templates
    Feature record: CXX_FEATURE:1cxx_final
    Feature record: CXX_FEATURE:1cxx_func_identifier
    Feature record: CXX_FEATURE:1cxx_generalized_initializers
    Feature record: CXX_FEATURE:1cxx_generic_lambdas
    Feature record: CXX_FEATURE:1cxx_inheriting_constructors
    Feature record: CXX_FEATURE:1cxx_inline_namespaces
    Feature record: CXX_FEATURE:1cxx_lambdas
    Feature record: CXX_FEATURE:1cxx_lambda_init_captures
    Feature record: CXX_FEATURE:1cxx_local_type_template_args
    Feature record: CXX_FEATURE:1cxx_long_long_type
    Feature record: CXX_FEATURE:1cxx_noexcept
    Feature record: CXX_FEATURE:1cxx_nonstatic_member_init
    Feature record: CXX_FEATURE:1cxx_nullptr
    Feature record: CXX_FEATURE:1cxx_override
    Feature record: CXX_FEATURE:1cxx_range_for
    Feature record: CXX_FEATURE:1cxx_raw_string_literals
    Feature record: CXX_FEATURE:1cxx_reference_qualified_functions
    Feature record: CXX_FEATURE:1cxx_relaxed_constexpr
    Feature record: CXX_FEATURE:1cxx_return_type_deduction
    Feature record: CXX_FEATURE:1cxx_right_angle_brackets
    Feature record: CXX_FEATURE:1cxx_rvalue_references
    Feature record: CXX_FEATURE:1cxx_sizeof_member
    Feature record: CXX_FEATURE:1cxx_static_assert
    Feature record: CXX_FEATURE:1cxx_strong_enums
    Feature record: CXX_FEATURE:1cxx_template_template_parameters
    Feature record: CXX_FEATURE:0cxx_thread_local
    Feature record: CXX_FEATURE:1cxx_trailing_return_types
    Feature record: CXX_FEATURE:1cxx_unicode_literals
    Feature record: CXX_FEATURE:1cxx_uniform_initialization
    Feature record: CXX_FEATURE:1cxx_unrestricted_unions
    Feature record: CXX_FEATURE:1cxx_user_literals
    Feature record: CXX_FEATURE:1cxx_variable_templates
    Feature record: CXX_FEATURE:1cxx_variadic_macros
    Feature record: CXX_FEATURE:1cxx_variadic_templates


Detecting CXX [-std=c++11] compiler features compiled with the following output:
Change Dir: /Volumes/SAMSUNGUSB/KFAssignment/MPC_MVirgo/MPC-Project/CMakeFiles/CMakeTmp

Run Build Command:"/usr/local/bin/make" "cmTC_4e320/fast"
/usr/local/bin/make -f CMakeFiles/cmTC_4e320.dir/build.make CMakeFiles/cmTC_4e320.dir/build
make[1]: Entering directory '/Volumes/SAMSUNGUSB/KFAssignment/MPC_MVirgo/MPC-Project/CMakeFiles/CMakeTmp'
Building CXX object CMakeFiles/cmTC_4e320.dir/feature_tests.cxx.o
/Applications/Xcode.app/Contents/Developer/Toolchains/XcodeDefault.xctoolchain/usr/bin/c++    -std=c++11 -o CMakeFiles/cmTC_4e320.dir/feature_tests.cxx.o -c /Volumes/SAMSUNGUSB/KFAssignment/MPC_MVirgo/MPC-Project/CMakeFiles/feature_tests.cxx
Linking CXX executable cmTC_4e320
/usr/local/Cellar/cmake/3.8.1/bin/cmake -E cmake_link_script CMakeFiles/cmTC_4e320.dir/link.txt --verbose=1
/Applications/Xcode.app/Contents/Developer/Toolchains/XcodeDefault.xctoolchain/usr/bin/c++    -Wl,-search_paths_first -Wl,-headerpad_max_install_names   CMakeFiles/cmTC_4e320.dir/feature_tests.cxx.o  -o cmTC_4e320 
make[1]: Leaving directory '/Volumes/SAMSUNGUSB/KFAssignment/MPC_MVirgo/MPC-Project/CMakeFiles/CMakeTmp'


    Feature record: CXX_FEATURE:0cxx_aggregate_default_initializers
    Feature record: CXX_FEATURE:1cxx_alias_templates
    Feature record: CXX_FEATURE:1cxx_alignas
    Feature record: CXX_FEATURE:1cxx_alignof
    Feature record: CXX_FEATURE:1cxx_attributes
    Feature record: CXX_FEATURE:0cxx_attribute_deprecated
    Feature record: CXX_FEATURE:1cxx_auto_type
    Feature record: CXX_FEATURE:0cxx_binary_literals
    Feature record: CXX_FEATURE:1cxx_constexpr
    Feature record: CXX_FEATURE:0cxx_contextual_conversions
    Feature record: CXX_FEATURE:1cxx_decltype
    Feature record: CXX_FEATURE:0cxx_decltype_auto
    Feature record: CXX_FEATURE:1cxx_decltype_incomplete_return_types
    Feature record: CXX_FEATURE:1cxx_default_function_template_args
    Feature record: CXX_FEATURE:1cxx_defaulted_functions
    Feature record: CXX_FEATURE:1cxx_defaulted_move_initializers
    Feature record: CXX_FEATURE:1cxx_delegating_constructors
    Feature record: CXX_FEATURE:1cxx_deleted_functions
    Feature record: CXX_FEATURE:0cxx_digit_separators
    Feature record: CXX_FEATURE:1cxx_enum_forward_declarations
    Feature record: CXX_FEATURE:1cxx_explicit_conversions
    Feature record: CXX_FEATURE:1cxx_extended_friend_declarations
    Feature record: CXX_FEATURE:1cxx_extern_templates
    Feature record: CXX_FEATURE:1cxx_final
    Feature record: CXX_FEATURE:1cxx_func_identifier
    Feature record: CXX_FEATURE:1cxx_generalized_initializers
    Feature record: CXX_FEATURE:0cxx_generic_lambdas
    Feature record: CXX_FEATURE:1cxx_inheriting_constructors
    Feature record: CXX_FEATURE:1cxx_inline_namespaces
    Feature record: CXX_FEATURE:1cxx_lambdas
    Feature record: CXX_FEATURE:0cxx_lambda_init_captures
    Feature record: CXX_FEATURE:1cxx_local_type_template_args
    Feature record: CXX_FEATURE:1cxx_long_long_type
    Feature record: CXX_FEATURE:1cxx_noexcept
    Feature record: CXX_FEATURE:1cxx_nonstatic_member_init
    Feature record: CXX_FEATURE:1cxx_nullptr
    Feature record: CXX_FEATURE:1cxx_override
    Feature record: CXX_FEATURE:1cxx_range_for
    Feature record: CXX_FEATURE:1cxx_raw_string_literals
    Feature record: CXX_FEATURE:1cxx_reference_qualified_functions
    Feature record: CXX_FEATURE:0cxx_relaxed_constexpr
    Feature record: CXX_FEATURE:0cxx_return_type_deduction
    Feature record: CXX_FEATURE:1cxx_right_angle_brackets
    Feature record: CXX_FEATURE:1cxx_rvalue_references
    Feature record: CXX_FEATURE:1cxx_sizeof_member
    Feature record: CXX_FEATURE:1cxx_static_assert
    Feature record: CXX_FEATURE:1cxx_strong_enums
    Feature record: CXX_FEATURE:1cxx_template_template_parameters
    Feature record: CXX_FEATURE:0cxx_thread_local
    Feature record: CXX_FEATURE:1cxx_trailing_return_types
    Feature record: CXX_FEATURE:1cxx_unicode_literals
    Feature record: CXX_FEATURE:1cxx_uniform_initialization
    Feature record: CXX_FEATURE:1cxx_unrestricted_unions
    Feature record: CXX_FEATURE:1cxx_user_literals
    Feature record: CXX_FEATURE:0cxx_variable_templates
    Feature record: CXX_FEATURE:1cxx_variadic_macros
    Feature record: CXX_FEATURE:1cxx_variadic_templates


Detecting CXX [-std=c++98] compiler features compiled with the following output:
Change Dir: /Volumes/SAMSUNGUSB/KFAssignment/MPC_MVirgo/MPC-Project/CMakeFiles/CMakeTmp

Run Build Command:"/usr/local/bin/make" "cmTC_0ce54/fast"
/usr/local/bin/make -f CMakeFiles/cmTC_0ce54.dir/build.make CMakeFiles/cmTC_0ce54.dir/build
make[1]: Entering directory '/Volumes/SAMSUNGUSB/KFAssignment/MPC_MVirgo/MPC-Project/CMakeFiles/CMakeTmp'
Building CXX object CMakeFiles/cmTC_0ce54.dir/feature_tests.cxx.o
/Applications/Xcode.app/Contents/Developer/Toolchains/XcodeDefault.xctoolchain/usr/bin/c++    -std=c++98 -o CMakeFiles/cmTC_0ce54.dir/feature_tests.cxx.o -c /Volumes/SAMSUNGUSB/KFAssignment/MPC_MVirgo/MPC-Project/CMakeFiles/feature_tests.cxx
Linking CXX executable cmTC_0ce54
/usr/local/Cellar/cmake/3.8.1/bin/cmake -E cmake_link_script CMakeFiles/cmTC_0ce54.dir/link.txt --verbose=1
/Applications/Xcode.app/Contents/Developer/Toolchains/XcodeDefault.xctoolchain/usr/bin/c++    -Wl,-search_paths_first -Wl,-headerpad_max_install_names   CMakeFiles/cmTC_0ce54.dir/feature_tests.cxx.o  -o cmTC_0ce54 
make[1]: Leaving directory '/Volumes/SAMSUNGUSB/KFAssignment/MPC_MVirgo/MPC-Project/CMakeFiles/CMakeTmp'


    Feature record: CXX_FEATURE:0cxx_aggregate_default_initializers
    Feature record: CXX_FEATURE:0cxx_alias_templates
    Feature record: CXX_FEATURE:0cxx_alignas
    Feature record: CXX_FEATURE:0cxx_alignof
    Feature record: CXX_FEATURE:0cxx_attributes
    Feature record: CXX_FEATURE:0cxx_attribute_deprecated
    Feature record: CXX_FEATURE:0cxx_auto_type
    Feature record: CXX_FEATURE:0cxx_binary_literals
    Feature record: CXX_FEATURE:0cxx_constexpr
    Feature record: CXX_FEATURE:0cxx_contextual_conversions
    Feature record: CXX_FEATURE:0cxx_decltype
    Feature record: CXX_FEATURE:0cxx_decltype_auto
    Feature record: CXX_FEATURE:0cxx_decltype_incomplete_return_types
    Feature record: CXX_FEATURE:0cxx_default_function_template_args
    Feature record: CXX_FEATURE:0cxx_defaulted_functions
    Feature record: CXX_FEATURE:0cxx_defaulted_move_initializers
    Feature record: CXX_FEATURE:0cxx_delegating_constructors
    Feature record: CXX_FEATURE:0cxx_deleted_functions
    Feature record: CXX_FEATURE:0cxx_digit_separators
    Feature record: CXX_FEATURE:0cxx_enum_forward_declarations
    Feature record: CXX_FEATURE:0cxx_explicit_conversions
    Feature record: CXX_FEATURE:0cxx_extended_friend_declarations
    Feature record: CXX_FEATURE:0cxx_extern_templates
    Feature record: CXX_FEATURE:0cxx_final
    Feature record: CXX_FEATURE:0cxx_func_identifier
    Feature record: CXX_FEATURE:0cxx_generalized_initializers
    Feature record: CXX_FEATURE:0cxx_generic_lambdas
    Feature record: CXX_FEATURE:0cxx_inheriting_constructors
    Feature record: CXX_FEATURE:0cxx_inline_namespaces
    Feature record: CXX_FEATURE:0cxx_lambdas
    Feature record: CXX_FEATURE:0cxx_lambda_init_captures
    Feature record: CXX_FEATURE:0cxx_local_type_template_args
    Feature record: CXX_FEATURE:0cxx_long_long_type
    Feature record: CXX_FEATURE:0cxx_noexcept
    Feature record: CXX_FEATURE:0cxx_nonstatic_member_init
    Feature record: CXX_FEATURE:0cxx_nullptr
    Feature record: CXX_FEATURE:0cxx_override
    Feature record: CXX_FEATURE:0cxx_range_for
    Feature record: CXX_FEATURE:0cxx_raw_string_literals
    Feature record: CXX_FEATURE:0cxx_reference_qualified_functions
    Feature record: CXX_FEATURE:0cxx_relaxed_constexpr
    Feature record: CXX_FEATURE:0cxx_return_type_deduction
    Feature record: CXX_FEATURE:0cxx_right_angle_brackets
    Feature record: CXX_FEATURE:0cxx_rvalue_references
    Feature record: CXX_FEATURE:0cxx_sizeof_member
    Feature record: CXX_FEATURE:0cxx_static_assert
    Feature record: CXX_FEATURE:0cxx_strong_enums
    Feature record: CXX_FEATURE:1cxx_template_template_parameters
    Feature record: CXX_FEATURE:0cxx_thread_local
    Feature record: CXX_FEATURE:0cxx_trailing_return_types
    Feature record: CXX_FEATURE:0cxx_unicode_literals
    Feature record: CXX_FEATURE:0cxx_uniform_initialization
    Feature record: CXX_FEATURE:0cxx_unrestricted_unions
    Feature record: CXX_FEATURE:0cxx_user_literals
    Feature record: CXX_FEATURE:0cxx_variable_templates
    Feature record: CXX_FEATURE:0cxx_variadic_macros
    Feature record: CXX_FEATURE:0cxx_variadic_templates
